<?xml version="1.0" encoding="UTF-8"?>
<!-- Generated by org.testng.reporters.JUnitXMLReporter -->
<testsuite hostname="DBHOMEHP" ignored="10" name="sanity Test" tests="5" failures="0" timestamp="2022-12-13T21:47:39 GMT" time="22.519" errors="0">
  <testcase name="verifyProductArrangeInAlphaBaticalOrder" time="1.584" classname="com.nopcommerce.demo.testsuit.ComputerTest"/>
  <testcase name="verifyUserShouldNavigateToCellPhonesPageSuccessfully" time="1.141" classname="com.nopcommerce.demo.testsuit.ElectronicTest"/>
  <testcase name="verifyUserShouldNavigateToLoginPageSuccessfully" time="1.405" classname="com.nopcommerce.demo.testsuit.LoginTest"/>
  <testcase name="UserShouldNavigateToRegisterPageSuccessfully" time="0.508" classname="com.nopcommerce.demo.testsuit.RegisterMenuTest"/>
  <testcase name="selectTopMenu" time="0.929" classname="com.nopcommerce.demo.testsuit.TopMenuTest"/>
  <testcase name="userShouldNavigateToDigitalDownloadsPageSuccessfully" time="0.0" classname="com.nopcommerce.demo.testsuit.TopMenuTest">
    <ignored/>
  </testcase> <!-- userShouldNavigateToDigitalDownloadsPageSuccessfully -->
  <testcase name="verifyErrorMessageWithInvalidCredential" time="0.0" classname="com.nopcommerce.demo.testsuit.LoginTest">
    <ignored/>
  </testcase> <!-- verifyErrorMessageWithInvalidCredential -->
  <testcase name="userShouldNavigateToElectronicsPageSuccessfully" time="0.0" classname="com.nopcommerce.demo.testsuit.TopMenuTest">
    <ignored/>
  </testcase> <!-- userShouldNavigateToElectronicsPageSuccessfully -->
  <testcase name="verifyThatTheProductAddedSuccessfullyAndPlaceOrderSuccessfully" time="0.0" classname="com.nopcommerce.demo.testsuit.ElectronicTest">
    <ignored/>
  </testcase> <!-- verifyThatTheProductAddedSuccessfullyAndPlaceOrderSuccessfully -->
  <testcase name="userShouldNavigateToGiftCardsPageSuccessfully" time="0.0" classname="com.nopcommerce.demo.testsuit.TopMenuTest">
    <ignored/>
  </testcase> <!-- userShouldNavigateToGiftCardsPageSuccessfully -->
  <testcase name="userShouldNavigateToApparelPageSuccessfully" time="0.0" classname="com.nopcommerce.demo.testsuit.TopMenuTest">
    <ignored/>
  </testcase> <!-- userShouldNavigateToApparelPageSuccessfully -->
  <testcase name="userShouldNavigateToComputerPageSuccessfully" time="0.0" classname="com.nopcommerce.demo.testsuit.TopMenuTest">
    <ignored/>
  </testcase> <!-- userShouldNavigateToComputerPageSuccessfully -->
  <testcase name="userShouldNavigateToJewelryPageSuccessfully" time="0.0" classname="com.nopcommerce.demo.testsuit.TopMenuTest">
    <ignored/>
  </testcase> <!-- userShouldNavigateToJewelryPageSuccessfully -->
  <testcase name="userShouldNavigateToBooksPageSuccessfully" time="0.0" classname="com.nopcommerce.demo.testsuit.TopMenuTest">
    <ignored/>
  </testcase> <!-- userShouldNavigateToBooksPageSuccessfully -->
  <testcase name="verifyUserShouldRegister" time="0.0" classname="com.nopcommerce.demo.testsuit.RegisterMenuTest">
    <ignored/>
  </testcase> <!-- verifyUserShouldRegister -->
</testsuite> <!-- sanity Test -->
